2015/11/26 00:41:36 [error] [exception.CHttpException.404] exception 'CHttpException' with message 'Unable to resolve the request "post".' in I:\work\foxx001\protected\framework\web\CWebApplication.php:286
Stack trace:
#0 I:\work\foxx001\protected\framework\web\CWebApplication.php(141): CWebApplication->runController('post')
#1 I:\work\foxx001\protected\framework\base\CApplication.php(184): CWebApplication->processRequest()
#2 I:\work\foxx001\index.php(13): CApplication->run()
#3 {main}
REQUEST_URI=/foxx/index.php?r=post
---
2015/11/26 00:41:46 [error] [exception.CHttpException.404] exception 'CHttpException' with message 'Unable to resolve the request "gii".' in I:\work\foxx001\protected\framework\web\CWebApplication.php:286
Stack trace:
#0 I:\work\foxx001\protected\framework\web\CWebApplication.php(141): CWebApplication->runController('gii')
#1 I:\work\foxx001\protected\framework\base\CApplication.php(184): CWebApplication->processRequest()
#2 I:\work\foxx001\index.php(13): CApplication->run()
#3 {main}
REQUEST_URI=/foxx/index.php?r=gii
---
2015/11/26 00:44:44 [error] [system.db.CDbCommand] CDbCommand::fetchAll() failed: SQLSTATE[42S02]: Base table or view not found: 1146 Table 'blog.comment' doesn't exist. The SQL statement executed was: SHOW FULL COLUMNS FROM `comment`.
in I:\work\foxx001\index.php (13)
2015/11/26 00:47:53 [error] [exception.CHttpException.403] exception 'CHttpException' with message 'You are not authorized to perform this action.' in I:\work\foxx001\protected\framework\web\auth\CAccessControlFilter.php:182
Stack trace:
#0 I:\work\foxx001\protected\framework\web\auth\CAccessControlFilter.php(145): CAccessControlFilter->accessDenied(Object(CWebUser), 'You are not aut...')
#1 I:\work\foxx001\protected\framework\web\filters\CFilter.php(38): CAccessControlFilter->preFilter(Object(CFilterChain))
#2 I:\work\foxx001\protected\framework\web\CController.php(1145): CFilter->filter(Object(CFilterChain))
#3 I:\work\foxx001\protected\framework\web\filters\CInlineFilter.php(58): CController->filterAccessControl(Object(CFilterChain))
#4 I:\work\foxx001\protected\framework\web\filters\CFilterChain.php(130): CInlineFilter->filter(Object(CFilterChain))
#5 I:\work\foxx001\protected\framework\web\CController.php(291): CFilterChain->run()
#6 I:\work\foxx001\protected\framework\web\CController.php(265): CController->runActionWithFilters(Object(CInlineAction), Array)
#7 I:\work\foxx001\protected\framework\web\CWebApplication.php(282): CController->run('admin')
#8 I:\work\foxx001\protected\framework\web\CWebApplication.php(141): CWebApplication->runController('post/admin')
#9 I:\work\foxx001\protected\framework\base\CApplication.php(184): CWebApplication->processRequest()
#10 I:\work\foxx001\index.php(13): CApplication->run()
#11 {main}
REQUEST_URI=/foxx/index.php?r=post/admin
HTTP_REFERER=http://localhost/foxx/index.php?r=post/create
---
2015/11/26 00:47:56 [error] [exception.CHttpException.403] exception 'CHttpException' with message 'You are not authorized to perform this action.' in I:\work\foxx001\protected\framework\web\auth\CAccessControlFilter.php:182
Stack trace:
#0 I:\work\foxx001\protected\framework\web\auth\CAccessControlFilter.php(145): CAccessControlFilter->accessDenied(Object(CWebUser), 'You are not aut...')
#1 I:\work\foxx001\protected\framework\web\filters\CFilter.php(38): CAccessControlFilter->preFilter(Object(CFilterChain))
#2 I:\work\foxx001\protected\framework\web\CController.php(1145): CFilter->filter(Object(CFilterChain))
#3 I:\work\foxx001\protected\framework\web\filters\CInlineFilter.php(58): CController->filterAccessControl(Object(CFilterChain))
#4 I:\work\foxx001\protected\framework\web\filters\CFilterChain.php(130): CInlineFilter->filter(Object(CFilterChain))
#5 I:\work\foxx001\protected\framework\web\CController.php(291): CFilterChain->run()
#6 I:\work\foxx001\protected\framework\web\CController.php(265): CController->runActionWithFilters(Object(CInlineAction), Array)
#7 I:\work\foxx001\protected\framework\web\CWebApplication.php(282): CController->run('admin')
#8 I:\work\foxx001\protected\framework\web\CWebApplication.php(141): CWebApplication->runController('post/admin')
#9 I:\work\foxx001\protected\framework\base\CApplication.php(184): CWebApplication->processRequest()
#10 I:\work\foxx001\index.php(13): CApplication->run()
#11 {main}
REQUEST_URI=/foxx/index.php?r=post/admin
HTTP_REFERER=http://localhost/foxx/index.php?r=post/index
---
2015/11/26 00:48:50 [error] [exception.CHttpException.403] exception 'CHttpException' with message 'You are not authorized to perform this action.' in I:\work\foxx001\protected\framework\web\auth\CAccessControlFilter.php:182
Stack trace:
#0 I:\work\foxx001\protected\framework\web\auth\CAccessControlFilter.php(145): CAccessControlFilter->accessDenied(Object(CWebUser), 'You are not aut...')
#1 I:\work\foxx001\protected\framework\web\filters\CFilter.php(38): CAccessControlFilter->preFilter(Object(CFilterChain))
#2 I:\work\foxx001\protected\framework\web\CController.php(1145): CFilter->filter(Object(CFilterChain))
#3 I:\work\foxx001\protected\framework\web\filters\CInlineFilter.php(58): CController->filterAccessControl(Object(CFilterChain))
#4 I:\work\foxx001\protected\framework\web\filters\CFilterChain.php(130): CInlineFilter->filter(Object(CFilterChain))
#5 I:\work\foxx001\protected\framework\web\CController.php(291): CFilterChain->run()
#6 I:\work\foxx001\protected\framework\web\CController.php(265): CController->runActionWithFilters(Object(CInlineAction), Array)
#7 I:\work\foxx001\protected\framework\web\CWebApplication.php(282): CController->run('admin')
#8 I:\work\foxx001\protected\framework\web\CWebApplication.php(141): CWebApplication->runController('post/admin')
#9 I:\work\foxx001\protected\framework\base\CApplication.php(184): CWebApplication->processRequest()
#10 I:\work\foxx001\index.php(13): CApplication->run()
#11 {main}
REQUEST_URI=/foxx/index.php?r=post/admin
HTTP_REFERER=http://localhost/foxx/index.php?r=post/view&id=2
---
2015/11/26 01:08:14 [error] [exception.CHttpException.403] exception 'CHttpException' with message 'You are not authorized to perform this action.' in I:\work\foxx001\protected\framework\web\auth\CAccessControlFilter.php:182
Stack trace:
#0 I:\work\foxx001\protected\framework\web\auth\CAccessControlFilter.php(145): CAccessControlFilter->accessDenied(Object(CWebUser), 'You are not aut...')
#1 I:\work\foxx001\protected\framework\web\filters\CFilter.php(38): CAccessControlFilter->preFilter(Object(CFilterChain))
#2 I:\work\foxx001\protected\framework\web\CController.php(1145): CFilter->filter(Object(CFilterChain))
#3 I:\work\foxx001\protected\framework\web\filters\CInlineFilter.php(58): CController->filterAccessControl(Object(CFilterChain))
#4 I:\work\foxx001\protected\framework\web\filters\CFilterChain.php(130): CInlineFilter->filter(Object(CFilterChain))
#5 I:\work\foxx001\protected\framework\web\CController.php(291): CFilterChain->run()
#6 I:\work\foxx001\protected\framework\web\CController.php(265): CController->runActionWithFilters(Object(CInlineAction), Array)
#7 I:\work\foxx001\protected\framework\web\CWebApplication.php(282): CController->run('admin')
#8 I:\work\foxx001\protected\framework\web\CWebApplication.php(141): CWebApplication->runController('post/admin')
#9 I:\work\foxx001\protected\framework\base\CApplication.php(184): CWebApplication->processRequest()
#10 I:\work\foxx001\index.php(13): CApplication->run()
#11 {main}
REQUEST_URI=/foxx/index.php?r=post/admin
HTTP_REFERER=http://localhost/foxx/index.php?r=post
---
2015/11/26 01:08:31 [error] [exception.CHttpException.403] exception 'CHttpException' with message 'You are not authorized to perform this action.' in I:\work\foxx001\protected\framework\web\auth\CAccessControlFilter.php:182
Stack trace:
#0 I:\work\foxx001\protected\framework\web\auth\CAccessControlFilter.php(145): CAccessControlFilter->accessDenied(Object(CWebUser), 'You are not aut...')
#1 I:\work\foxx001\protected\framework\web\filters\CFilter.php(38): CAccessControlFilter->preFilter(Object(CFilterChain))
#2 I:\work\foxx001\protected\framework\web\CController.php(1145): CFilter->filter(Object(CFilterChain))
#3 I:\work\foxx001\protected\framework\web\filters\CInlineFilter.php(58): CController->filterAccessControl(Object(CFilterChain))
#4 I:\work\foxx001\protected\framework\web\filters\CFilterChain.php(130): CInlineFilter->filter(Object(CFilterChain))
#5 I:\work\foxx001\protected\framework\web\CController.php(291): CFilterChain->run()
#6 I:\work\foxx001\protected\framework\web\CController.php(265): CController->runActionWithFilters(Object(CInlineAction), Array)
#7 I:\work\foxx001\protected\framework\web\CWebApplication.php(282): CController->run('delete')
#8 I:\work\foxx001\protected\framework\web\CWebApplication.php(141): CWebApplication->runController('post/delete')
#9 I:\work\foxx001\protected\framework\base\CApplication.php(184): CWebApplication->processRequest()
#10 I:\work\foxx001\index.php(13): CApplication->run()
#11 {main}
REQUEST_URI=/foxx/index.php?r=post/delete&id=3
HTTP_REFERER=http://localhost/foxx/index.php?r=post/view&id=3
---
2015/11/26 01:08:34 [error] [exception.CHttpException.403] exception 'CHttpException' with message 'You are not authorized to perform this action.' in I:\work\foxx001\protected\framework\web\auth\CAccessControlFilter.php:182
Stack trace:
#0 I:\work\foxx001\protected\framework\web\auth\CAccessControlFilter.php(145): CAccessControlFilter->accessDenied(Object(CWebUser), 'You are not aut...')
#1 I:\work\foxx001\protected\framework\web\filters\CFilter.php(38): CAccessControlFilter->preFilter(Object(CFilterChain))
#2 I:\work\foxx001\protected\framework\web\CController.php(1145): CFilter->filter(Object(CFilterChain))
#3 I:\work\foxx001\protected\framework\web\filters\CInlineFilter.php(58): CController->filterAccessControl(Object(CFilterChain))
#4 I:\work\foxx001\protected\framework\web\filters\CFilterChain.php(130): CInlineFilter->filter(Object(CFilterChain))
#5 I:\work\foxx001\protected\framework\web\CController.php(291): CFilterChain->run()
#6 I:\work\foxx001\protected\framework\web\CController.php(265): CController->runActionWithFilters(Object(CInlineAction), Array)
#7 I:\work\foxx001\protected\framework\web\CWebApplication.php(282): CController->run('admin')
#8 I:\work\foxx001\protected\framework\web\CWebApplication.php(141): CWebApplication->runController('post/admin')
#9 I:\work\foxx001\protected\framework\base\CApplication.php(184): CWebApplication->processRequest()
#10 I:\work\foxx001\index.php(13): CApplication->run()
#11 {main}
REQUEST_URI=/foxx/index.php?r=post/admin
HTTP_REFERER=http://localhost/foxx/index.php?r=post/index
---
2015/11/26 01:09:37 [error] [exception.CHttpException.403] exception 'CHttpException' with message 'You are not authorized to perform this action.' in I:\work\foxx001\protected\framework\web\auth\CAccessControlFilter.php:182
Stack trace:
#0 I:\work\foxx001\protected\framework\web\auth\CAccessControlFilter.php(145): CAccessControlFilter->accessDenied(Object(CWebUser), 'You are not aut...')
#1 I:\work\foxx001\protected\framework\web\filters\CFilter.php(38): CAccessControlFilter->preFilter(Object(CFilterChain))
#2 I:\work\foxx001\protected\framework\web\CController.php(1145): CFilter->filter(Object(CFilterChain))
#3 I:\work\foxx001\protected\framework\web\filters\CInlineFilter.php(58): CController->filterAccessControl(Object(CFilterChain))
#4 I:\work\foxx001\protected\framework\web\filters\CFilterChain.php(130): CInlineFilter->filter(Object(CFilterChain))
#5 I:\work\foxx001\protected\framework\web\CController.php(291): CFilterChain->run()
#6 I:\work\foxx001\protected\framework\web\CController.php(265): CController->runActionWithFilters(Object(CInlineAction), Array)
#7 I:\work\foxx001\protected\framework\web\CWebApplication.php(282): CController->run('admin')
#8 I:\work\foxx001\protected\framework\web\CWebApplication.php(141): CWebApplication->runController('post/admin')
#9 I:\work\foxx001\protected\framework\base\CApplication.php(184): CWebApplication->processRequest()
#10 I:\work\foxx001\index.php(13): CApplication->run()
#11 {main}
REQUEST_URI=/foxx/index.php?r=post/admin
HTTP_REFERER=http://localhost/foxx/index.php?r=post/view&id=1
---
2015/11/26 01:10:12 [error] [exception.CHttpException.403] exception 'CHttpException' with message 'You are not authorized to perform this action.' in I:\work\foxx001\protected\framework\web\auth\CAccessControlFilter.php:182
Stack trace:
#0 I:\work\foxx001\protected\framework\web\auth\CAccessControlFilter.php(145): CAccessControlFilter->accessDenied(Object(CWebUser), 'You are not aut...')
#1 I:\work\foxx001\protected\framework\web\filters\CFilter.php(38): CAccessControlFilter->preFilter(Object(CFilterChain))
#2 I:\work\foxx001\protected\framework\web\CController.php(1145): CFilter->filter(Object(CFilterChain))
#3 I:\work\foxx001\protected\framework\web\filters\CInlineFilter.php(58): CController->filterAccessControl(Object(CFilterChain))
#4 I:\work\foxx001\protected\framework\web\filters\CFilterChain.php(130): CInlineFilter->filter(Object(CFilterChain))
#5 I:\work\foxx001\protected\framework\web\CController.php(291): CFilterChain->run()
#6 I:\work\foxx001\protected\framework\web\CController.php(265): CController->runActionWithFilters(Object(CInlineAction), Array)
#7 I:\work\foxx001\protected\framework\web\CWebApplication.php(282): CController->run('admin')
#8 I:\work\foxx001\protected\framework\web\CWebApplication.php(141): CWebApplication->runController('comment/admin')
#9 I:\work\foxx001\protected\framework\base\CApplication.php(184): CWebApplication->processRequest()
#10 I:\work\foxx001\index.php(13): CApplication->run()
#11 {main}
REQUEST_URI=/foxx/index.php?r=comment/admin
HTTP_REFERER=http://localhost/foxx/index.php?r=comment
---
2015/11/26 01:11:02 [error] [exception.CHttpException.403] exception 'CHttpException' with message 'You are not authorized to perform this action.' in I:\work\foxx001\protected\framework\web\auth\CAccessControlFilter.php:182
Stack trace:
#0 I:\work\foxx001\protected\framework\web\auth\CAccessControlFilter.php(145): CAccessControlFilter->accessDenied(Object(CWebUser), 'You are not aut...')
#1 I:\work\foxx001\protected\framework\web\filters\CFilter.php(38): CAccessControlFilter->preFilter(Object(CFilterChain))
#2 I:\work\foxx001\protected\framework\web\CController.php(1145): CFilter->filter(Object(CFilterChain))
#3 I:\work\foxx001\protected\framework\web\filters\CInlineFilter.php(58): CController->filterAccessControl(Object(CFilterChain))
#4 I:\work\foxx001\protected\framework\web\filters\CFilterChain.php(130): CInlineFilter->filter(Object(CFilterChain))
#5 I:\work\foxx001\protected\framework\web\CController.php(291): CFilterChain->run()
#6 I:\work\foxx001\protected\framework\web\CController.php(265): CController->runActionWithFilters(Object(CInlineAction), Array)
#7 I:\work\foxx001\protected\framework\web\CWebApplication.php(282): CController->run('admin')
#8 I:\work\foxx001\protected\framework\web\CWebApplication.php(141): CWebApplication->runController('comment/admin')
#9 I:\work\foxx001\protected\framework\base\CApplication.php(184): CWebApplication->processRequest()
#10 I:\work\foxx001\index.php(13): CApplication->run()
#11 {main}
REQUEST_URI=/foxx/index.php?r=comment/admin
---
2015/11/26 01:11:02 [error] [exception.CHttpException.403] exception 'CHttpException' with message 'You are not authorized to perform this action.' in I:\work\foxx001\protected\framework\web\auth\CAccessControlFilter.php:182
Stack trace:
#0 I:\work\foxx001\protected\framework\web\auth\CAccessControlFilter.php(145): CAccessControlFilter->accessDenied(Object(CWebUser), 'You are not aut...')
#1 I:\work\foxx001\protected\framework\web\filters\CFilter.php(38): CAccessControlFilter->preFilter(Object(CFilterChain))
#2 I:\work\foxx001\protected\framework\web\CController.php(1145): CFilter->filter(Object(CFilterChain))
#3 I:\work\foxx001\protected\framework\web\filters\CInlineFilter.php(58): CController->filterAccessControl(Object(CFilterChain))
#4 I:\work\foxx001\protected\framework\web\filters\CFilterChain.php(130): CInlineFilter->filter(Object(CFilterChain))
#5 I:\work\foxx001\protected\framework\web\CController.php(291): CFilterChain->run()
#6 I:\work\foxx001\protected\framework\web\CController.php(265): CController->runActionWithFilters(Object(CInlineAction), Array)
#7 I:\work\foxx001\protected\framework\web\CWebApplication.php(282): CController->run('admin')
#8 I:\work\foxx001\protected\framework\web\CWebApplication.php(141): CWebApplication->runController('comment/admin')
#9 I:\work\foxx001\protected\framework\base\CApplication.php(184): CWebApplication->processRequest()
#10 I:\work\foxx001\index.php(13): CApplication->run()
#11 {main}
REQUEST_URI=/foxx/index.php?r=comment/admin
---
2015/11/26 01:11:03 [error] [exception.CHttpException.403] exception 'CHttpException' with message 'You are not authorized to perform this action.' in I:\work\foxx001\protected\framework\web\auth\CAccessControlFilter.php:182
Stack trace:
#0 I:\work\foxx001\protected\framework\web\auth\CAccessControlFilter.php(145): CAccessControlFilter->accessDenied(Object(CWebUser), 'You are not aut...')
#1 I:\work\foxx001\protected\framework\web\filters\CFilter.php(38): CAccessControlFilter->preFilter(Object(CFilterChain))
#2 I:\work\foxx001\protected\framework\web\CController.php(1145): CFilter->filter(Object(CFilterChain))
#3 I:\work\foxx001\protected\framework\web\filters\CInlineFilter.php(58): CController->filterAccessControl(Object(CFilterChain))
#4 I:\work\foxx001\protected\framework\web\filters\CFilterChain.php(130): CInlineFilter->filter(Object(CFilterChain))
#5 I:\work\foxx001\protected\framework\web\CController.php(291): CFilterChain->run()
#6 I:\work\foxx001\protected\framework\web\CController.php(265): CController->runActionWithFilters(Object(CInlineAction), Array)
#7 I:\work\foxx001\protected\framework\web\CWebApplication.php(282): CController->run('admin')
#8 I:\work\foxx001\protected\framework\web\CWebApplication.php(141): CWebApplication->runController('comment/admin')
#9 I:\work\foxx001\protected\framework\base\CApplication.php(184): CWebApplication->processRequest()
#10 I:\work\foxx001\index.php(13): CApplication->run()
#11 {main}
REQUEST_URI=/foxx/index.php?r=comment/admin
---
2015/11/26 01:11:03 [error] [exception.CHttpException.403] exception 'CHttpException' with message 'You are not authorized to perform this action.' in I:\work\foxx001\protected\framework\web\auth\CAccessControlFilter.php:182
Stack trace:
#0 I:\work\foxx001\protected\framework\web\auth\CAccessControlFilter.php(145): CAccessControlFilter->accessDenied(Object(CWebUser), 'You are not aut...')
#1 I:\work\foxx001\protected\framework\web\filters\CFilter.php(38): CAccessControlFilter->preFilter(Object(CFilterChain))
#2 I:\work\foxx001\protected\framework\web\CController.php(1145): CFilter->filter(Object(CFilterChain))
#3 I:\work\foxx001\protected\framework\web\filters\CInlineFilter.php(58): CController->filterAccessControl(Object(CFilterChain))
#4 I:\work\foxx001\protected\framework\web\filters\CFilterChain.php(130): CInlineFilter->filter(Object(CFilterChain))
#5 I:\work\foxx001\protected\framework\web\CController.php(291): CFilterChain->run()
#6 I:\work\foxx001\protected\framework\web\CController.php(265): CController->runActionWithFilters(Object(CInlineAction), Array)
#7 I:\work\foxx001\protected\framework\web\CWebApplication.php(282): CController->run('admin')
#8 I:\work\foxx001\protected\framework\web\CWebApplication.php(141): CWebApplication->runController('comment/admin')
#9 I:\work\foxx001\protected\framework\base\CApplication.php(184): CWebApplication->processRequest()
#10 I:\work\foxx001\index.php(13): CApplication->run()
#11 {main}
REQUEST_URI=/foxx/index.php?r=comment/admin
---
2015/11/26 01:11:03 [error] [exception.CHttpException.403] exception 'CHttpException' with message 'You are not authorized to perform this action.' in I:\work\foxx001\protected\framework\web\auth\CAccessControlFilter.php:182
Stack trace:
#0 I:\work\foxx001\protected\framework\web\auth\CAccessControlFilter.php(145): CAccessControlFilter->accessDenied(Object(CWebUser), 'You are not aut...')
#1 I:\work\foxx001\protected\framework\web\filters\CFilter.php(38): CAccessControlFilter->preFilter(Object(CFilterChain))
#2 I:\work\foxx001\protected\framework\web\CController.php(1145): CFilter->filter(Object(CFilterChain))
#3 I:\work\foxx001\protected\framework\web\filters\CInlineFilter.php(58): CController->filterAccessControl(Object(CFilterChain))
#4 I:\work\foxx001\protected\framework\web\filters\CFilterChain.php(130): CInlineFilter->filter(Object(CFilterChain))
#5 I:\work\foxx001\protected\framework\web\CController.php(291): CFilterChain->run()
#6 I:\work\foxx001\protected\framework\web\CController.php(265): CController->runActionWithFilters(Object(CInlineAction), Array)
#7 I:\work\foxx001\protected\framework\web\CWebApplication.php(282): CController->run('admin')
#8 I:\work\foxx001\protected\framework\web\CWebApplication.php(141): CWebApplication->runController('comment/admin')
#9 I:\work\foxx001\protected\framework\base\CApplication.php(184): CWebApplication->processRequest()
#10 I:\work\foxx001\index.php(13): CApplication->run()
#11 {main}
REQUEST_URI=/foxx/index.php?r=comment/admin
---
2015/11/26 01:13:24 [error] [php] Use of undefined constant gridpromod93 - assumed 'gridpromod93' (I:\work\foxx001\protected\views\site\index.php:24)
Stack trace:
#0 I:\work\foxx001\protected\framework\web\CController.php(869): SiteController->renderFile()
#1 I:\work\foxx001\protected\framework\web\CController.php(782): SiteController->renderPartial()
#2 I:\work\foxx001\protected\controllers\SiteController.php(32): SiteController->render()
#3 I:\work\foxx001\protected\framework\web\actions\CInlineAction.php(49): SiteController->actionIndex()
#4 I:\work\foxx001\protected\framework\web\CController.php(308): CInlineAction->runWithParams()
#5 I:\work\foxx001\protected\framework\web\CController.php(286): SiteController->runAction()
#6 I:\work\foxx001\protected\framework\web\CController.php(265): SiteController->runActionWithFilters()
#7 I:\work\foxx001\protected\framework\web\CWebApplication.php(282): SiteController->run()
#8 I:\work\foxx001\protected\framework\web\CWebApplication.php(141): CWebApplication->runController()
#9 I:\work\foxx001\protected\framework\base\CApplication.php(184): CWebApplication->processRequest()
#10 I:\work\foxx001\index.php(13): CWebApplication->run()
REQUEST_URI=/foxx/index.php?r=site/index
in I:\work\foxx001\protected\views\site\index.php (24)
in I:\work\foxx001\protected\controllers\SiteController.php (32)
in I:\work\foxx001\index.php (13)
2015/11/26 01:13:25 [error] [php] Use of undefined constant gridpromod93 - assumed 'gridpromod93' (I:\work\foxx001\protected\views\site\index.php:24)
Stack trace:
#0 I:\work\foxx001\protected\framework\web\CController.php(869): SiteController->renderFile()
#1 I:\work\foxx001\protected\framework\web\CController.php(782): SiteController->renderPartial()
#2 I:\work\foxx001\protected\controllers\SiteController.php(32): SiteController->render()
#3 I:\work\foxx001\protected\framework\web\actions\CInlineAction.php(49): SiteController->actionIndex()
#4 I:\work\foxx001\protected\framework\web\CController.php(308): CInlineAction->runWithParams()
#5 I:\work\foxx001\protected\framework\web\CController.php(286): SiteController->runAction()
#6 I:\work\foxx001\protected\framework\web\CController.php(265): SiteController->runActionWithFilters()
#7 I:\work\foxx001\protected\framework\web\CWebApplication.php(282): SiteController->run()
#8 I:\work\foxx001\protected\framework\web\CWebApplication.php(141): CWebApplication->runController()
#9 I:\work\foxx001\protected\framework\base\CApplication.php(184): CWebApplication->processRequest()
#10 I:\work\foxx001\index.php(13): CWebApplication->run()
REQUEST_URI=/foxx/index.php?r=site/index
in I:\work\foxx001\protected\views\site\index.php (24)
in I:\work\foxx001\protected\controllers\SiteController.php (32)
in I:\work\foxx001\index.php (13)
2015/11/26 01:21:41 [error] [exception.CException] exception 'CException' with message 'User and its behaviors do not have a method or closure named "validatePassword".' in I:\work\foxx001\protected\framework\base\CComponent.php:266
Stack trace:
#0 I:\work\foxx001\protected\framework\db\ar\CActiveRecord.php(227): CComponent->__call('validatePasswor...', Array)
#1 I:\work\foxx001\protected\components\UserIdentity.php(12): CActiveRecord->__call('validatePasswor...', Array)
#2 I:\work\foxx001\protected\components\UserIdentity.php(12): User->validatePassword('demo')
#3 I:\work\foxx001\protected\models\LoginForm.php(52): UserIdentity->authenticate()
#4 I:\work\foxx001\protected\framework\validators\CInlineValidator.php(42): LoginForm->authenticate('password', Array)
#5 I:\work\foxx001\protected\framework\validators\CValidator.php(201): CInlineValidator->validateAttribute(Object(LoginForm), 'password')
#6 I:\work\foxx001\protected\framework\base\CModel.php(159): CValidator->validate(Object(LoginForm), NULL)
#7 I:\work\foxx001\protected\controllers\SiteController.php(94): CModel->validate()
#8 I:\work\foxx001\protected\framework\web\actions\CInlineAction.php(49): SiteController->actionLogin()
#9 I:\work\foxx001\protected\framework\web\CController.php(308): CInlineAction->runWithParams(Array)
#10 I:\work\foxx001\protected\framework\web\CController.php(286): CController->runAction(Object(CInlineAction))
#11 I:\work\foxx001\protected\framework\web\CController.php(265): CController->runActionWithFilters(Object(CInlineAction), Array)
#12 I:\work\foxx001\protected\framework\web\CWebApplication.php(282): CController->run('login')
#13 I:\work\foxx001\protected\framework\web\CWebApplication.php(141): CWebApplication->runController('site/login')
#14 I:\work\foxx001\protected\framework\base\CApplication.php(184): CWebApplication->processRequest()
#15 I:\work\foxx001\index.php(13): CApplication->run()
#16 {main}
REQUEST_URI=/foxx/index.php?r=site/login
HTTP_REFERER=http://localhost/foxx/index.php?r=site/login
---
2015/11/26 01:53:11 [error] [php] Undefined variable: post (I:\work\foxx001\protected\views\site\index.php:26)
Stack trace:
#0 I:\work\foxx001\protected\framework\web\CController.php(869): SiteController->renderFile()
#1 I:\work\foxx001\protected\framework\web\CController.php(782): SiteController->renderPartial()
#2 I:\work\foxx001\protected\controllers\SiteController.php(32): SiteController->render()
#3 I:\work\foxx001\protected\framework\web\actions\CInlineAction.php(49): SiteController->actionIndex()
#4 I:\work\foxx001\protected\framework\web\CController.php(308): CInlineAction->runWithParams()
#5 I:\work\foxx001\protected\framework\web\CController.php(286): SiteController->runAction()
#6 I:\work\foxx001\protected\framework\web\CController.php(265): SiteController->runActionWithFilters()
#7 I:\work\foxx001\protected\framework\web\CWebApplication.php(282): SiteController->run()
#8 I:\work\foxx001\protected\framework\web\CWebApplication.php(141): CWebApplication->runController()
#9 I:\work\foxx001\protected\framework\base\CApplication.php(184): CWebApplication->processRequest()
#10 I:\work\foxx001\index.php(13): CWebApplication->run()
REQUEST_URI=/foxx/index.php
in I:\work\foxx001\protected\views\site\index.php (26)
in I:\work\foxx001\protected\controllers\SiteController.php (32)
in I:\work\foxx001\index.php (13)
2015/11/26 01:56:57 [warning] [application] Failed to set unsafe attribute "create_time" of "Post".
in I:\work\foxx001\protected\controllers\PostController.php (96)
in I:\work\foxx001\index.php (13)
2015/11/26 01:56:57 [warning] [application] Failed to set unsafe attribute "update_time" of "Post".
in I:\work\foxx001\protected\controllers\PostController.php (96)
in I:\work\foxx001\index.php (13)
2015/11/26 01:56:57 [warning] [application] Failed to set unsafe attribute "author_id" of "Post".
in I:\work\foxx001\protected\controllers\PostController.php (96)
in I:\work\foxx001\index.php (13)
2015/11/26 01:57:25 [warning] [application] Failed to set unsafe attribute "create_time" of "Post".
in I:\work\foxx001\protected\controllers\PostController.php (72)
in I:\work\foxx001\index.php (13)
2015/11/26 01:57:25 [warning] [application] Failed to set unsafe attribute "update_time" of "Post".
in I:\work\foxx001\protected\controllers\PostController.php (72)
in I:\work\foxx001\index.php (13)
2015/11/26 01:57:25 [warning] [application] Failed to set unsafe attribute "author_id" of "Post".
in I:\work\foxx001\protected\controllers\PostController.php (72)
in I:\work\foxx001\index.php (13)
2015/11/26 01:57:25 [error] [system.db.CDbCommand] CDbCommand::execute() failed: SQLSTATE[23000]: Integrity constraint violation: 1452 Cannot add or update a child row: a foreign key constraint fails (`blog`.`tbl_post`, CONSTRAINT `FK_post_author` FOREIGN KEY (`author_id`) REFERENCES `tbl_user` (`id`) ON DELETE CASCADE). The SQL statement executed was: INSERT INTO `tbl_post` (`title`, `content`, `tags`, `status`) VALUES (:yp0, :yp1, :yp2, :yp3).
in I:\work\foxx001\protected\controllers\PostController.php (73)
in I:\work\foxx001\index.php (13)
2015/11/26 01:57:25 [error] [exception.CDbException] exception 'CDbException' with message 'CDbCommand failed to execute the SQL statement: SQLSTATE[23000]: Integrity constraint violation: 1452 Cannot add or update a child row: a foreign key constraint fails (`blog`.`tbl_post`, CONSTRAINT `FK_post_author` FOREIGN KEY (`author_id`) REFERENCES `tbl_user` (`id`) ON DELETE CASCADE). The SQL statement executed was: INSERT INTO `tbl_post` (`title`, `content`, `tags`, `status`) VALUES (:yp0, :yp1, :yp2, :yp3)' in I:\work\foxx001\protected\framework\db\CDbCommand.php:358
Stack trace:
#0 I:\work\foxx001\protected\framework\db\ar\CActiveRecord.php(1080): CDbCommand->execute()
#1 I:\work\foxx001\protected\framework\db\ar\CActiveRecord.php(809): CActiveRecord->insert(NULL)
#2 I:\work\foxx001\protected\controllers\PostController.php(73): CActiveRecord->save()
#3 I:\work\foxx001\protected\framework\web\actions\CInlineAction.php(49): PostController->actionCreate()
#4 I:\work\foxx001\protected\framework\web\CController.php(308): CInlineAction->runWithParams(Array)
#5 I:\work\foxx001\protected\framework\web\filters\CFilterChain.php(133): CController->runAction(Object(CInlineAction))
#6 I:\work\foxx001\protected\framework\web\filters\CFilter.php(40): CFilterChain->run()
#7 I:\work\foxx001\protected\framework\web\CController.php(1145): CFilter->filter(Object(CFilterChain))
#8 I:\work\foxx001\protected\framework\web\filters\CInlineFilter.php(58): CController->filterAccessControl(Object(CFilterChain))
#9 I:\work\foxx001\protected\framework\web\filters\CFilterChain.php(130): CInlineFilter->filter(Object(CFilterChain))
#10 I:\work\foxx001\protected\framework\web\CController.php(291): CFilterChain->run()
#11 I:\work\foxx001\protected\framework\web\CController.php(265): CController->runActionWithFilters(Object(CInlineAction), Array)
#12 I:\work\foxx001\protected\framework\web\CWebApplication.php(282): CController->run('create')
#13 I:\work\foxx001\protected\framework\web\CWebApplication.php(141): CWebApplication->runController('post/create')
#14 I:\work\foxx001\protected\framework\base\CApplication.php(184): CWebApplication->processRequest()
#15 I:\work\foxx001\index.php(13): CApplication->run()
#16 {main}
REQUEST_URI=/foxx/index.php?r=post/create
HTTP_REFERER=http://localhost/foxx/index.php?r=post/create
---
2015/11/26 01:57:53 [warning] [application] Failed to set unsafe attribute "create_time" of "Post".
in I:\work\foxx001\protected\controllers\PostController.php (72)
in I:\work\foxx001\index.php (13)
2015/11/26 01:57:53 [warning] [application] Failed to set unsafe attribute "update_time" of "Post".
in I:\work\foxx001\protected\controllers\PostController.php (72)
in I:\work\foxx001\index.php (13)
2015/11/26 01:57:53 [warning] [application] Failed to set unsafe attribute "author_id" of "Post".
in I:\work\foxx001\protected\controllers\PostController.php (72)
in I:\work\foxx001\index.php (13)
2015/11/26 01:57:57 [warning] [application] Failed to set unsafe attribute "create_time" of "Post".
in I:\work\foxx001\protected\controllers\PostController.php (72)
in I:\work\foxx001\index.php (13)
2015/11/26 01:57:57 [warning] [application] Failed to set unsafe attribute "update_time" of "Post".
in I:\work\foxx001\protected\controllers\PostController.php (72)
in I:\work\foxx001\index.php (13)
2015/11/26 01:57:57 [warning] [application] Failed to set unsafe attribute "author_id" of "Post".
in I:\work\foxx001\protected\controllers\PostController.php (72)
in I:\work\foxx001\index.php (13)
2015/11/26 01:57:57 [error] [system.db.CDbCommand] CDbCommand::execute() failed: SQLSTATE[23000]: Integrity constraint violation: 1452 Cannot add or update a child row: a foreign key constraint fails (`blog`.`tbl_post`, CONSTRAINT `FK_post_author` FOREIGN KEY (`author_id`) REFERENCES `tbl_user` (`id`) ON DELETE CASCADE). The SQL statement executed was: INSERT INTO `tbl_post` (`title`, `content`, `tags`, `status`) VALUES (:yp0, :yp1, :yp2, :yp3).
in I:\work\foxx001\protected\controllers\PostController.php (73)
in I:\work\foxx001\index.php (13)
2015/11/26 01:57:57 [error] [exception.CDbException] exception 'CDbException' with message 'CDbCommand failed to execute the SQL statement: SQLSTATE[23000]: Integrity constraint violation: 1452 Cannot add or update a child row: a foreign key constraint fails (`blog`.`tbl_post`, CONSTRAINT `FK_post_author` FOREIGN KEY (`author_id`) REFERENCES `tbl_user` (`id`) ON DELETE CASCADE). The SQL statement executed was: INSERT INTO `tbl_post` (`title`, `content`, `tags`, `status`) VALUES (:yp0, :yp1, :yp2, :yp3)' in I:\work\foxx001\protected\framework\db\CDbCommand.php:358
Stack trace:
#0 I:\work\foxx001\protected\framework\db\ar\CActiveRecord.php(1080): CDbCommand->execute()
#1 I:\work\foxx001\protected\framework\db\ar\CActiveRecord.php(809): CActiveRecord->insert(NULL)
#2 I:\work\foxx001\protected\controllers\PostController.php(73): CActiveRecord->save()
#3 I:\work\foxx001\protected\framework\web\actions\CInlineAction.php(49): PostController->actionCreate()
#4 I:\work\foxx001\protected\framework\web\CController.php(308): CInlineAction->runWithParams(Array)
#5 I:\work\foxx001\protected\framework\web\filters\CFilterChain.php(133): CController->runAction(Object(CInlineAction))
#6 I:\work\foxx001\protected\framework\web\filters\CFilter.php(40): CFilterChain->run()
#7 I:\work\foxx001\protected\framework\web\CController.php(1145): CFilter->filter(Object(CFilterChain))
#8 I:\work\foxx001\protected\framework\web\filters\CInlineFilter.php(58): CController->filterAccessControl(Object(CFilterChain))
#9 I:\work\foxx001\protected\framework\web\filters\CFilterChain.php(130): CInlineFilter->filter(Object(CFilterChain))
#10 I:\work\foxx001\protected\framework\web\CController.php(291): CFilterChain->run()
#11 I:\work\foxx001\protected\framework\web\CController.php(265): CController->runActionWithFilters(Object(CInlineAction), Array)
#12 I:\work\foxx001\protected\framework\web\CWebApplication.php(282): CController->run('create')
#13 I:\work\foxx001\protected\framework\web\CWebApplication.php(141): CWebApplication->runController('post/create')
#14 I:\work\foxx001\protected\framework\base\CApplication.php(184): CWebApplication->processRequest()
#15 I:\work\foxx001\index.php(13): CApplication->run()
#16 {main}
REQUEST_URI=/foxx/index.php?r=post/create
HTTP_REFERER=http://localhost/foxx/index.php?r=post/create
---
2015/11/26 01:58:39 [warning] [application] Failed to set unsafe attribute "create_time" of "Post".
in I:\work\foxx001\protected\controllers\PostController.php (72)
in I:\work\foxx001\index.php (13)
2015/11/26 01:58:39 [warning] [application] Failed to set unsafe attribute "update_time" of "Post".
in I:\work\foxx001\protected\controllers\PostController.php (72)
in I:\work\foxx001\index.php (13)
2015/11/26 01:58:39 [warning] [application] Failed to set unsafe attribute "author_id" of "Post".
in I:\work\foxx001\protected\controllers\PostController.php (72)
in I:\work\foxx001\index.php (13)
2015/11/26 01:58:39 [error] [system.db.CDbCommand] CDbCommand::execute() failed: SQLSTATE[23000]: Integrity constraint violation: 1452 Cannot add or update a child row: a foreign key constraint fails (`blog`.`tbl_post`, CONSTRAINT `FK_post_author` FOREIGN KEY (`author_id`) REFERENCES `tbl_user` (`id`) ON DELETE CASCADE). The SQL statement executed was: INSERT INTO `tbl_post` (`title`, `content`, `tags`, `status`) VALUES (:yp0, :yp1, :yp2, :yp3).
in I:\work\foxx001\protected\controllers\PostController.php (73)
in I:\work\foxx001\index.php (13)
2015/11/26 01:58:39 [error] [exception.CDbException] exception 'CDbException' with message 'CDbCommand failed to execute the SQL statement: SQLSTATE[23000]: Integrity constraint violation: 1452 Cannot add or update a child row: a foreign key constraint fails (`blog`.`tbl_post`, CONSTRAINT `FK_post_author` FOREIGN KEY (`author_id`) REFERENCES `tbl_user` (`id`) ON DELETE CASCADE). The SQL statement executed was: INSERT INTO `tbl_post` (`title`, `content`, `tags`, `status`) VALUES (:yp0, :yp1, :yp2, :yp3)' in I:\work\foxx001\protected\framework\db\CDbCommand.php:358
Stack trace:
#0 I:\work\foxx001\protected\framework\db\ar\CActiveRecord.php(1080): CDbCommand->execute()
#1 I:\work\foxx001\protected\framework\db\ar\CActiveRecord.php(809): CActiveRecord->insert(NULL)
#2 I:\work\foxx001\protected\controllers\PostController.php(73): CActiveRecord->save()
#3 I:\work\foxx001\protected\framework\web\actions\CInlineAction.php(49): PostController->actionCreate()
#4 I:\work\foxx001\protected\framework\web\CController.php(308): CInlineAction->runWithParams(Array)
#5 I:\work\foxx001\protected\framework\web\filters\CFilterChain.php(133): CController->runAction(Object(CInlineAction))
#6 I:\work\foxx001\protected\framework\web\filters\CFilter.php(40): CFilterChain->run()
#7 I:\work\foxx001\protected\framework\web\CController.php(1145): CFilter->filter(Object(CFilterChain))
#8 I:\work\foxx001\protected\framework\web\filters\CInlineFilter.php(58): CController->filterAccessControl(Object(CFilterChain))
#9 I:\work\foxx001\protected\framework\web\filters\CFilterChain.php(130): CInlineFilter->filter(Object(CFilterChain))
#10 I:\work\foxx001\protected\framework\web\CController.php(291): CFilterChain->run()
#11 I:\work\foxx001\protected\framework\web\CController.php(265): CController->runActionWithFilters(Object(CInlineAction), Array)
#12 I:\work\foxx001\protected\framework\web\CWebApplication.php(282): CController->run('create')
#13 I:\work\foxx001\protected\framework\web\CWebApplication.php(141): CWebApplication->runController('post/create')
#14 I:\work\foxx001\protected\framework\base\CApplication.php(184): CWebApplication->processRequest()
#15 I:\work\foxx001\index.php(13): CApplication->run()
#16 {main}
REQUEST_URI=/foxx/index.php?r=post/create
---
2015/11/26 02:00:50 [warning] [application] Failed to set unsafe attribute "create_time" of "Post".
in I:\work\foxx001\protected\controllers\PostController.php (72)
in I:\work\foxx001\index.php (13)
2015/11/26 02:00:50 [warning] [application] Failed to set unsafe attribute "update_time" of "Post".
in I:\work\foxx001\protected\controllers\PostController.php (72)
in I:\work\foxx001\index.php (13)
2015/11/26 02:00:50 [warning] [application] Failed to set unsafe attribute "author_id" of "Post".
in I:\work\foxx001\protected\controllers\PostController.php (72)
in I:\work\foxx001\index.php (13)
2015/11/26 02:00:50 [error] [system.db.CDbCommand] CDbCommand::execute() failed: SQLSTATE[23000]: Integrity constraint violation: 1452 Cannot add or update a child row: a foreign key constraint fails (`blog`.`tbl_post`, CONSTRAINT `FK_post_author` FOREIGN KEY (`author_id`) REFERENCES `tbl_user` (`id`) ON DELETE CASCADE). The SQL statement executed was: INSERT INTO `tbl_post` (`title`, `content`, `tags`, `status`) VALUES (:yp0, :yp1, :yp2, :yp3).
in I:\work\foxx001\protected\controllers\PostController.php (73)
in I:\work\foxx001\index.php (13)
2015/11/26 02:00:50 [error] [exception.CDbException] exception 'CDbException' with message 'CDbCommand failed to execute the SQL statement: SQLSTATE[23000]: Integrity constraint violation: 1452 Cannot add or update a child row: a foreign key constraint fails (`blog`.`tbl_post`, CONSTRAINT `FK_post_author` FOREIGN KEY (`author_id`) REFERENCES `tbl_user` (`id`) ON DELETE CASCADE). The SQL statement executed was: INSERT INTO `tbl_post` (`title`, `content`, `tags`, `status`) VALUES (:yp0, :yp1, :yp2, :yp3)' in I:\work\foxx001\protected\framework\db\CDbCommand.php:358
Stack trace:
#0 I:\work\foxx001\protected\framework\db\ar\CActiveRecord.php(1080): CDbCommand->execute()
#1 I:\work\foxx001\protected\framework\db\ar\CActiveRecord.php(809): CActiveRecord->insert(NULL)
#2 I:\work\foxx001\protected\controllers\PostController.php(73): CActiveRecord->save()
#3 I:\work\foxx001\protected\framework\web\actions\CInlineAction.php(49): PostController->actionCreate()
#4 I:\work\foxx001\protected\framework\web\CController.php(308): CInlineAction->runWithParams(Array)
#5 I:\work\foxx001\protected\framework\web\filters\CFilterChain.php(133): CController->runAction(Object(CInlineAction))
#6 I:\work\foxx001\protected\framework\web\filters\CFilter.php(40): CFilterChain->run()
#7 I:\work\foxx001\protected\framework\web\CController.php(1145): CFilter->filter(Object(CFilterChain))
#8 I:\work\foxx001\protected\framework\web\filters\CInlineFilter.php(58): CController->filterAccessControl(Object(CFilterChain))
#9 I:\work\foxx001\protected\framework\web\filters\CFilterChain.php(130): CInlineFilter->filter(Object(CFilterChain))
#10 I:\work\foxx001\protected\framework\web\CController.php(291): CFilterChain->run()
#11 I:\work\foxx001\protected\framework\web\CController.php(265): CController->runActionWithFilters(Object(CInlineAction), Array)
#12 I:\work\foxx001\protected\framework\web\CWebApplication.php(282): CController->run('create')
#13 I:\work\foxx001\protected\framework\web\CWebApplication.php(141): CWebApplication->runController('post/create')
#14 I:\work\foxx001\protected\framework\base\CApplication.php(184): CWebApplication->processRequest()
#15 I:\work\foxx001\index.php(13): CApplication->run()
#16 {main}
REQUEST_URI=/foxx/index.php?r=post/create
HTTP_REFERER=http://localhost/foxx/index.php?r=post/create
---
2015/11/26 02:00:53 [error] [exception.CHttpException.403] exception 'CHttpException' with message 'You are not authorized to perform this action.' in I:\work\foxx001\protected\framework\web\auth\CAccessControlFilter.php:182
Stack trace:
#0 I:\work\foxx001\protected\framework\web\auth\CAccessControlFilter.php(145): CAccessControlFilter->accessDenied(Object(CWebUser), 'You are not aut...')
#1 I:\work\foxx001\protected\framework\web\filters\CFilter.php(38): CAccessControlFilter->preFilter(Object(CFilterChain))
#2 I:\work\foxx001\protected\framework\web\CController.php(1145): CFilter->filter(Object(CFilterChain))
#3 I:\work\foxx001\protected\framework\web\filters\CInlineFilter.php(58): CController->filterAccessControl(Object(CFilterChain))
#4 I:\work\foxx001\protected\framework\web\filters\CFilterChain.php(130): CInlineFilter->filter(Object(CFilterChain))
#5 I:\work\foxx001\protected\framework\web\CController.php(291): CFilterChain->run()
#6 I:\work\foxx001\protected\framework\web\CController.php(265): CController->runActionWithFilters(Object(CInlineAction), Array)
#7 I:\work\foxx001\protected\framework\web\CWebApplication.php(282): CController->run('admin')
#8 I:\work\foxx001\protected\framework\web\CWebApplication.php(141): CWebApplication->runController('post/admin')
#9 I:\work\foxx001\protected\framework\base\CApplication.php(184): CWebApplication->processRequest()
#10 I:\work\foxx001\index.php(13): CApplication->run()
#11 {main}
REQUEST_URI=/foxx/index.php?r=post/admin
HTTP_REFERER=http://localhost/foxx/index.php?r=post/create
---
2015/11/26 02:01:11 [warning] [application] Failed to set unsafe attribute "create_time" of "Post".
in I:\work\foxx001\protected\controllers\PostController.php (72)
in I:\work\foxx001\index.php (13)
2015/11/26 02:01:11 [warning] [application] Failed to set unsafe attribute "update_time" of "Post".
in I:\work\foxx001\protected\controllers\PostController.php (72)
in I:\work\foxx001\index.php (13)
2015/11/26 02:01:11 [warning] [application] Failed to set unsafe attribute "author_id" of "Post".
in I:\work\foxx001\protected\controllers\PostController.php (72)
in I:\work\foxx001\index.php (13)
2015/11/26 02:01:11 [error] [system.db.CDbCommand] CDbCommand::execute() failed: SQLSTATE[23000]: Integrity constraint violation: 1452 Cannot add or update a child row: a foreign key constraint fails (`blog`.`tbl_post`, CONSTRAINT `FK_post_author` FOREIGN KEY (`author_id`) REFERENCES `tbl_user` (`id`) ON DELETE CASCADE). The SQL statement executed was: INSERT INTO `tbl_post` (`title`, `content`, `tags`, `status`) VALUES (:yp0, :yp1, :yp2, :yp3).
in I:\work\foxx001\protected\controllers\PostController.php (73)
in I:\work\foxx001\index.php (13)
2015/11/26 02:01:11 [error] [exception.CDbException] exception 'CDbException' with message 'CDbCommand failed to execute the SQL statement: SQLSTATE[23000]: Integrity constraint violation: 1452 Cannot add or update a child row: a foreign key constraint fails (`blog`.`tbl_post`, CONSTRAINT `FK_post_author` FOREIGN KEY (`author_id`) REFERENCES `tbl_user` (`id`) ON DELETE CASCADE). The SQL statement executed was: INSERT INTO `tbl_post` (`title`, `content`, `tags`, `status`) VALUES (:yp0, :yp1, :yp2, :yp3)' in I:\work\foxx001\protected\framework\db\CDbCommand.php:358
Stack trace:
#0 I:\work\foxx001\protected\framework\db\ar\CActiveRecord.php(1080): CDbCommand->execute()
#1 I:\work\foxx001\protected\framework\db\ar\CActiveRecord.php(809): CActiveRecord->insert(NULL)
#2 I:\work\foxx001\protected\controllers\PostController.php(73): CActiveRecord->save()
#3 I:\work\foxx001\protected\framework\web\actions\CInlineAction.php(49): PostController->actionCreate()
#4 I:\work\foxx001\protected\framework\web\CController.php(308): CInlineAction->runWithParams(Array)
#5 I:\work\foxx001\protected\framework\web\filters\CFilterChain.php(133): CController->runAction(Object(CInlineAction))
#6 I:\work\foxx001\protected\framework\web\filters\CFilter.php(40): CFilterChain->run()
#7 I:\work\foxx001\protected\framework\web\CController.php(1145): CFilter->filter(Object(CFilterChain))
#8 I:\work\foxx001\protected\framework\web\filters\CInlineFilter.php(58): CController->filterAccessControl(Object(CFilterChain))
#9 I:\work\foxx001\protected\framework\web\filters\CFilterChain.php(130): CInlineFilter->filter(Object(CFilterChain))
#10 I:\work\foxx001\protected\framework\web\CController.php(291): CFilterChain->run()
#11 I:\work\foxx001\protected\framework\web\CController.php(265): CController->runActionWithFilters(Object(CInlineAction), Array)
#12 I:\work\foxx001\protected\framework\web\CWebApplication.php(282): CController->run('create')
#13 I:\work\foxx001\protected\framework\web\CWebApplication.php(141): CWebApplication->runController('post/create')
#14 I:\work\foxx001\protected\framework\base\CApplication.php(184): CWebApplication->processRequest()
#15 I:\work\foxx001\index.php(13): CApplication->run()
#16 {main}
REQUEST_URI=/foxx/index.php?r=post/create
HTTP_REFERER=http://localhost/foxx/index.php?r=post/create
---
2015/11/26 02:01:35 [error] [exception.CHttpException.403] exception 'CHttpException' with message 'You are not authorized to perform this action.' in I:\work\foxx001\protected\framework\web\auth\CAccessControlFilter.php:182
Stack trace:
#0 I:\work\foxx001\protected\framework\web\auth\CAccessControlFilter.php(145): CAccessControlFilter->accessDenied(Object(CWebUser), 'You are not aut...')
#1 I:\work\foxx001\protected\framework\web\filters\CFilter.php(38): CAccessControlFilter->preFilter(Object(CFilterChain))
#2 I:\work\foxx001\protected\framework\web\CController.php(1145): CFilter->filter(Object(CFilterChain))
#3 I:\work\foxx001\protected\framework\web\filters\CInlineFilter.php(58): CController->filterAccessControl(Object(CFilterChain))
#4 I:\work\foxx001\protected\framework\web\filters\CFilterChain.php(130): CInlineFilter->filter(Object(CFilterChain))
#5 I:\work\foxx001\protected\framework\web\CController.php(291): CFilterChain->run()
#6 I:\work\foxx001\protected\framework\web\CController.php(265): CController->runActionWithFilters(Object(CInlineAction), Array)
#7 I:\work\foxx001\protected\framework\web\CWebApplication.php(282): CController->run('admin')
#8 I:\work\foxx001\protected\framework\web\CWebApplication.php(141): CWebApplication->runController('post/admin')
#9 I:\work\foxx001\protected\framework\base\CApplication.php(184): CWebApplication->processRequest()
#10 I:\work\foxx001\index.php(13): CApplication->run()
#11 {main}
REQUEST_URI=/foxx/index.php?r=post/admin
HTTP_REFERER=http://localhost/foxx/index.php?r=post
---
2015/11/26 02:01:46 [warning] [application] Failed to set unsafe attribute "create_time" of "Post".
in I:\work\foxx001\protected\controllers\PostController.php (96)
in I:\work\foxx001\index.php (13)
2015/11/26 02:01:46 [warning] [application] Failed to set unsafe attribute "update_time" of "Post".
in I:\work\foxx001\protected\controllers\PostController.php (96)
in I:\work\foxx001\index.php (13)
2015/11/26 02:01:46 [warning] [application] Failed to set unsafe attribute "author_id" of "Post".
in I:\work\foxx001\protected\controllers\PostController.php (96)
in I:\work\foxx001\index.php (13)
2015/11/26 02:02:04 [warning] [application] Failed to set unsafe attribute "create_time" of "Post".
in I:\work\foxx001\protected\controllers\PostController.php (72)
in I:\work\foxx001\index.php (13)
2015/11/26 02:02:04 [warning] [application] Failed to set unsafe attribute "update_time" of "Post".
in I:\work\foxx001\protected\controllers\PostController.php (72)
in I:\work\foxx001\index.php (13)
2015/11/26 02:02:04 [warning] [application] Failed to set unsafe attribute "author_id" of "Post".
in I:\work\foxx001\protected\controllers\PostController.php (72)
in I:\work\foxx001\index.php (13)
2015/11/26 02:02:04 [error] [system.db.CDbCommand] CDbCommand::execute() failed: SQLSTATE[23000]: Integrity constraint violation: 1452 Cannot add or update a child row: a foreign key constraint fails (`blog`.`tbl_post`, CONSTRAINT `FK_post_author` FOREIGN KEY (`author_id`) REFERENCES `tbl_user` (`id`) ON DELETE CASCADE). The SQL statement executed was: INSERT INTO `tbl_post` (`title`, `content`, `tags`, `status`) VALUES (:yp0, :yp1, :yp2, :yp3).
in I:\work\foxx001\protected\controllers\PostController.php (73)
in I:\work\foxx001\index.php (13)
2015/11/26 02:02:04 [error] [exception.CDbException] exception 'CDbException' with message 'CDbCommand failed to execute the SQL statement: SQLSTATE[23000]: Integrity constraint violation: 1452 Cannot add or update a child row: a foreign key constraint fails (`blog`.`tbl_post`, CONSTRAINT `FK_post_author` FOREIGN KEY (`author_id`) REFERENCES `tbl_user` (`id`) ON DELETE CASCADE). The SQL statement executed was: INSERT INTO `tbl_post` (`title`, `content`, `tags`, `status`) VALUES (:yp0, :yp1, :yp2, :yp3)' in I:\work\foxx001\protected\framework\db\CDbCommand.php:358
Stack trace:
#0 I:\work\foxx001\protected\framework\db\ar\CActiveRecord.php(1080): CDbCommand->execute()
#1 I:\work\foxx001\protected\framework\db\ar\CActiveRecord.php(809): CActiveRecord->insert(NULL)
#2 I:\work\foxx001\protected\controllers\PostController.php(73): CActiveRecord->save()
#3 I:\work\foxx001\protected\framework\web\actions\CInlineAction.php(49): PostController->actionCreate()
#4 I:\work\foxx001\protected\framework\web\CController.php(308): CInlineAction->runWithParams(Array)
#5 I:\work\foxx001\protected\framework\web\filters\CFilterChain.php(133): CController->runAction(Object(CInlineAction))
#6 I:\work\foxx001\protected\framework\web\filters\CFilter.php(40): CFilterChain->run()
#7 I:\work\foxx001\protected\framework\web\CController.php(1145): CFilter->filter(Object(CFilterChain))
#8 I:\work\foxx001\protected\framework\web\filters\CInlineFilter.php(58): CController->filterAccessControl(Object(CFilterChain))
#9 I:\work\foxx001\protected\framework\web\filters\CFilterChain.php(130): CInlineFilter->filter(Object(CFilterChain))
#10 I:\work\foxx001\protected\framework\web\CController.php(291): CFilterChain->run()
#11 I:\work\foxx001\protected\framework\web\CController.php(265): CController->runActionWithFilters(Object(CInlineAction), Array)
#12 I:\work\foxx001\protected\framework\web\CWebApplication.php(282): CController->run('create')
#13 I:\work\foxx001\protected\framework\web\CWebApplication.php(141): CWebApplication->runController('post/create')
#14 I:\work\foxx001\protected\framework\base\CApplication.php(184): CWebApplication->processRequest()
#15 I:\work\foxx001\index.php(13): CApplication->run()
#16 {main}
REQUEST_URI=/foxx/index.php?r=post/create
HTTP_REFERER=http://localhost/foxx/index.php?r=post/create
---
2015/11/26 11:18:12 [warning] [application] Failed to set unsafe attribute "create_time" of "Post".
in I:\work\foxx001\protected\controllers\PostController.php (72)
in I:\work\foxx001\index.php (13)
2015/11/26 11:18:12 [warning] [application] Failed to set unsafe attribute "update_time" of "Post".
in I:\work\foxx001\protected\controllers\PostController.php (72)
in I:\work\foxx001\index.php (13)
2015/11/26 11:18:12 [warning] [application] Failed to set unsafe attribute "author_id" of "Post".
in I:\work\foxx001\protected\controllers\PostController.php (72)
in I:\work\foxx001\index.php (13)
2015/11/26 11:18:12 [error] [system.db.CDbCommand] CDbCommand::execute() failed: SQLSTATE[23000]: Integrity constraint violation: 1452 Cannot add or update a child row: a foreign key constraint fails (`blog`.`tbl_post`, CONSTRAINT `FK_post_author` FOREIGN KEY (`author_id`) REFERENCES `tbl_user` (`id`) ON DELETE CASCADE). The SQL statement executed was: INSERT INTO `tbl_post` (`title`, `content`, `tags`, `status`) VALUES (:yp0, :yp1, :yp2, :yp3).
in I:\work\foxx001\protected\controllers\PostController.php (73)
in I:\work\foxx001\index.php (13)
2015/11/26 11:18:12 [error] [exception.CDbException] exception 'CDbException' with message 'CDbCommand failed to execute the SQL statement: SQLSTATE[23000]: Integrity constraint violation: 1452 Cannot add or update a child row: a foreign key constraint fails (`blog`.`tbl_post`, CONSTRAINT `FK_post_author` FOREIGN KEY (`author_id`) REFERENCES `tbl_user` (`id`) ON DELETE CASCADE). The SQL statement executed was: INSERT INTO `tbl_post` (`title`, `content`, `tags`, `status`) VALUES (:yp0, :yp1, :yp2, :yp3)' in I:\work\foxx001\protected\framework\db\CDbCommand.php:358
Stack trace:
#0 I:\work\foxx001\protected\framework\db\ar\CActiveRecord.php(1080): CDbCommand->execute()
#1 I:\work\foxx001\protected\framework\db\ar\CActiveRecord.php(809): CActiveRecord->insert(NULL)
#2 I:\work\foxx001\protected\controllers\PostController.php(73): CActiveRecord->save()
#3 I:\work\foxx001\protected\framework\web\actions\CInlineAction.php(49): PostController->actionCreate()
#4 I:\work\foxx001\protected\framework\web\CController.php(308): CInlineAction->runWithParams(Array)
#5 I:\work\foxx001\protected\framework\web\filters\CFilterChain.php(133): CController->runAction(Object(CInlineAction))
#6 I:\work\foxx001\protected\framework\web\filters\CFilter.php(40): CFilterChain->run()
#7 I:\work\foxx001\protected\framework\web\CController.php(1145): CFilter->filter(Object(CFilterChain))
#8 I:\work\foxx001\protected\framework\web\filters\CInlineFilter.php(58): CController->filterAccessControl(Object(CFilterChain))
#9 I:\work\foxx001\protected\framework\web\filters\CFilterChain.php(130): CInlineFilter->filter(Object(CFilterChain))
#10 I:\work\foxx001\protected\framework\web\CController.php(291): CFilterChain->run()
#11 I:\work\foxx001\protected\framework\web\CController.php(265): CController->runActionWithFilters(Object(CInlineAction), Array)
#12 I:\work\foxx001\protected\framework\web\CWebApplication.php(282): CController->run('create')
#13 I:\work\foxx001\protected\framework\web\CWebApplication.php(141): CWebApplication->runController('post/create')
#14 I:\work\foxx001\protected\framework\base\CApplication.php(184): CWebApplication->processRequest()
#15 I:\work\foxx001\index.php(13): CApplication->run()
#16 {main}
REQUEST_URI=/foxx/index.php?r=post/create
HTTP_REFERER=http://localhost/foxx/index.php?r=post/create
---
2015/11/26 11:21:21 [warning] [application] Failed to set unsafe attribute "create_time" of "Post".
in I:\work\foxx001\protected\controllers\PostController.php (72)
in I:\work\foxx001\index.php (13)
2015/11/26 11:21:21 [warning] [application] Failed to set unsafe attribute "update_time" of "Post".
in I:\work\foxx001\protected\controllers\PostController.php (72)
in I:\work\foxx001\index.php (13)
2015/11/26 11:21:21 [warning] [application] Failed to set unsafe attribute "author_id" of "Post".
in I:\work\foxx001\protected\controllers\PostController.php (72)
in I:\work\foxx001\index.php (13)
2015/11/26 11:21:21 [error] [system.db.CDbCommand] CDbCommand::execute() failed: SQLSTATE[23000]: Integrity constraint violation: 1452 Cannot add or update a child row: a foreign key constraint fails (`blog`.`tbl_post`, CONSTRAINT `FK_post_author` FOREIGN KEY (`author_id`) REFERENCES `tbl_user` (`id`)). The SQL statement executed was: INSERT INTO `tbl_post` (`title`, `content`, `tags`, `status`) VALUES (:yp0, :yp1, :yp2, :yp3).
in I:\work\foxx001\protected\controllers\PostController.php (73)
in I:\work\foxx001\index.php (13)
2015/11/26 11:21:21 [error] [exception.CDbException] exception 'CDbException' with message 'CDbCommand failed to execute the SQL statement: SQLSTATE[23000]: Integrity constraint violation: 1452 Cannot add or update a child row: a foreign key constraint fails (`blog`.`tbl_post`, CONSTRAINT `FK_post_author` FOREIGN KEY (`author_id`) REFERENCES `tbl_user` (`id`)). The SQL statement executed was: INSERT INTO `tbl_post` (`title`, `content`, `tags`, `status`) VALUES (:yp0, :yp1, :yp2, :yp3)' in I:\work\foxx001\protected\framework\db\CDbCommand.php:358
Stack trace:
#0 I:\work\foxx001\protected\framework\db\ar\CActiveRecord.php(1080): CDbCommand->execute()
#1 I:\work\foxx001\protected\framework\db\ar\CActiveRecord.php(809): CActiveRecord->insert(NULL)
#2 I:\work\foxx001\protected\controllers\PostController.php(73): CActiveRecord->save()
#3 I:\work\foxx001\protected\framework\web\actions\CInlineAction.php(49): PostController->actionCreate()
#4 I:\work\foxx001\protected\framework\web\CController.php(308): CInlineAction->runWithParams(Array)
#5 I:\work\foxx001\protected\framework\web\filters\CFilterChain.php(133): CController->runAction(Object(CInlineAction))
#6 I:\work\foxx001\protected\framework\web\filters\CFilter.php(40): CFilterChain->run()
#7 I:\work\foxx001\protected\framework\web\CController.php(1145): CFilter->filter(Object(CFilterChain))
#8 I:\work\foxx001\protected\framework\web\filters\CInlineFilter.php(58): CController->filterAccessControl(Object(CFilterChain))
#9 I:\work\foxx001\protected\framework\web\filters\CFilterChain.php(130): CInlineFilter->filter(Object(CFilterChain))
#10 I:\work\foxx001\protected\framework\web\CController.php(291): CFilterChain->run()
#11 I:\work\foxx001\protected\framework\web\CController.php(265): CController->runActionWithFilters(Object(CInlineAction), Array)
#12 I:\work\foxx001\protected\framework\web\CWebApplication.php(282): CController->run('create')
#13 I:\work\foxx001\protected\framework\web\CWebApplication.php(141): CWebApplication->runController('post/create')
#14 I:\work\foxx001\protected\framework\base\CApplication.php(184): CWebApplication->processRequest()
#15 I:\work\foxx001\index.php(13): CApplication->run()
#16 {main}
REQUEST_URI=/foxx/index.php?r=post/create
HTTP_REFERER=http://localhost/foxx/index.php?r=post/create
---
2015/11/26 11:34:09 [error] [php] include(author_id.php): failed to open stream: No such file or directory (I:\work\foxx001\protected\framework\YiiBase.php:432)
Stack trace:
#0 unknown(0): spl_autoload_call()
#1 I:\work\foxx001\protected\framework\YiiBase.php(303): class_exists()
#2 I:\work\foxx001\protected\framework\validators\CValidator.php(174): import()
#3 I:\work\foxx001\protected\framework\base\CModel.php(287): createValidator()
#4 I:\work\foxx001\protected\framework\base\CModel.php(260): Post->createValidators()
#5 I:\work\foxx001\protected\framework\base\CModel.php(304): Post->getValidators()
#6 I:\work\foxx001\protected\framework\web\helpers\CHtml.php(1513): Post->isAttributeRequired()
#7 I:\work\foxx001\protected\framework\web\widgets\CActiveForm.php(600): activeLabelEx()
#8 I:\work\foxx001\protected\views\post\_form.php(23): CActiveForm->labelEx()
#9 I:\work\foxx001\protected\framework\web\CBaseController.php(126): require()
#10 I:\work\foxx001\protected\framework\web\CBaseController.php(95): PostController->renderInternal()
#11 I:\work\foxx001\protected\framework\web\CController.php(869): PostController->renderFile()
#12 I:\work\foxx001\protected\views\post\create.php(18): PostController->renderPartial()
#13 I:\work\foxx001\protected\framework\web\CBaseController.php(126): require()
#14 I:\work\foxx001\protected\framework\web\CBaseController.php(95): PostController->renderInternal()
#15 I:\work\foxx001\protected\framework\web\CController.php(869): PostController->renderFile()
#16 I:\work\foxx001\protected\framework\web\CController.php(782): PostController->renderPartial()
#17 I:\work\foxx001\protected\controllers\PostController.php(79): PostController->render()
#18 I:\work\foxx001\protected\framework\web\actions\CInlineAction.php(49): PostController->actionCreate()
#19 I:\work\foxx001\protected\framework\web\CController.php(308): CInlineAction->runWithParams()
#20 I:\work\foxx001\protected\framework\web\filters\CFilterChain.php(133): PostController->runAction()
#21 I:\work\foxx001\protected\framework\web\filters\CFilter.php(40): CFilterChain->run()
#22 I:\work\foxx001\protected\framework\web\CController.php(1145): CAccessControlFilter->filter()
#23 I:\work\foxx001\protected\framework\web\filters\CInlineFilter.php(58): PostController->filterAccessControl()
#24 I:\work\foxx001\protected\framework\web\filters\CFilterChain.php(130): CInlineFilter->filter()
#25 I:\work\foxx001\protected\framework\web\CController.php(291): CFilterChain->run()
#26 I:\work\foxx001\protected\framework\web\CController.php(265): PostController->runActionWithFilters()
#27 I:\work\foxx001\protected\framework\web\CWebApplication.php(282): PostController->run()
#28 I:\work\foxx001\protected\framework\web\CWebApplication.php(141): CWebApplication->runController()
#29 I:\work\foxx001\protected\framework\base\CApplication.php(184): CWebApplication->processRequest()
#30 I:\work\foxx001\index.php(13): CWebApplication->run()
REQUEST_URI=/foxx/index.php?r=post/create
in I:\work\foxx001\protected\views\post\_form.php (23)
in I:\work\foxx001\protected\views\post\create.php (18)
in I:\work\foxx001\protected\controllers\PostController.php (79)
2015/11/26 11:34:18 [error] [exception.CHttpException.404] exception 'CHttpException' with message 'Unable to resolve the request "pos".' in I:\work\foxx001\protected\framework\web\CWebApplication.php:286
Stack trace:
#0 I:\work\foxx001\protected\framework\web\CWebApplication.php(141): CWebApplication->runController('pos')
#1 I:\work\foxx001\protected\framework\base\CApplication.php(184): CWebApplication->processRequest()
#2 I:\work\foxx001\index.php(13): CApplication->run()
#3 {main}
REQUEST_URI=/foxx/index.php?r=pos
---
2015/11/26 11:34:23 [error] [php] include(author_id.php): failed to open stream: No such file or directory (I:\work\foxx001\protected\framework\YiiBase.php:432)
Stack trace:
#0 unknown(0): spl_autoload_call()
#1 I:\work\foxx001\protected\framework\YiiBase.php(303): class_exists()
#2 I:\work\foxx001\protected\framework\validators\CValidator.php(174): import()
#3 I:\work\foxx001\protected\framework\base\CModel.php(287): createValidator()
#4 I:\work\foxx001\protected\framework\base\CModel.php(260): Post->createValidators()
#5 I:\work\foxx001\protected\framework\base\CModel.php(304): Post->getValidators()
#6 I:\work\foxx001\protected\framework\web\helpers\CHtml.php(1513): Post->isAttributeRequired()
#7 I:\work\foxx001\protected\framework\web\widgets\CActiveForm.php(600): activeLabelEx()
#8 I:\work\foxx001\protected\views\post\_form.php(23): CActiveForm->labelEx()
#9 I:\work\foxx001\protected\framework\web\CBaseController.php(126): require()
#10 I:\work\foxx001\protected\framework\web\CBaseController.php(95): PostController->renderInternal()
#11 I:\work\foxx001\protected\framework\web\CController.php(869): PostController->renderFile()
#12 I:\work\foxx001\protected\views\post\create.php(18): PostController->renderPartial()
#13 I:\work\foxx001\protected\framework\web\CBaseController.php(126): require()
#14 I:\work\foxx001\protected\framework\web\CBaseController.php(95): PostController->renderInternal()
#15 I:\work\foxx001\protected\framework\web\CController.php(869): PostController->renderFile()
#16 I:\work\foxx001\protected\framework\web\CController.php(782): PostController->renderPartial()
#17 I:\work\foxx001\protected\controllers\PostController.php(79): PostController->render()
#18 I:\work\foxx001\protected\framework\web\actions\CInlineAction.php(49): PostController->actionCreate()
#19 I:\work\foxx001\protected\framework\web\CController.php(308): CInlineAction->runWithParams()
#20 I:\work\foxx001\protected\framework\web\filters\CFilterChain.php(133): PostController->runAction()
#21 I:\work\foxx001\protected\framework\web\filters\CFilter.php(40): CFilterChain->run()
#22 I:\work\foxx001\protected\framework\web\CController.php(1145): CAccessControlFilter->filter()
#23 I:\work\foxx001\protected\framework\web\filters\CInlineFilter.php(58): PostController->filterAccessControl()
#24 I:\work\foxx001\protected\framework\web\filters\CFilterChain.php(130): CInlineFilter->filter()
#25 I:\work\foxx001\protected\framework\web\CController.php(291): CFilterChain->run()
#26 I:\work\foxx001\protected\framework\web\CController.php(265): PostController->runActionWithFilters()
#27 I:\work\foxx001\protected\framework\web\CWebApplication.php(282): PostController->run()
#28 I:\work\foxx001\protected\framework\web\CWebApplication.php(141): CWebApplication->runController()
#29 I:\work\foxx001\protected\framework\base\CApplication.php(184): CWebApplication->processRequest()
#30 I:\work\foxx001\index.php(13): CWebApplication->run()
REQUEST_URI=/foxx/index.php?r=post/create
in I:\work\foxx001\protected\views\post\_form.php (23)
in I:\work\foxx001\protected\views\post\create.php (18)
in I:\work\foxx001\protected\controllers\PostController.php (79)
2015/11/26 11:34:46 [warning] [application] Failed to set unsafe attribute "create_time" of "Post".
in I:\work\foxx001\protected\controllers\PostController.php (72)
in I:\work\foxx001\index.php (13)
2015/11/26 11:34:46 [warning] [application] Failed to set unsafe attribute "update_time" of "Post".
in I:\work\foxx001\protected\controllers\PostController.php (72)
in I:\work\foxx001\index.php (13)
